<?xml version="1.0" encoding="UTF-8"?>
<testng-results ignored="0" total="3" passed="3" failed="0" skipped="0">
  <reporter-output>
  </reporter-output>
  <suite started-at="2023-02-02T18:29:21 TRT" name="Default suite" finished-at="2023-02-02T18:29:21 TRT" duration-ms="87">
    <groups>
    </groups>
    <test started-at="2023-02-02T18:29:21 TRT" name="Default test" finished-at="2023-02-02T18:29:21 TRT" duration-ms="87">
      <class name="dataDriven.excelDataProvider.DataProvide">
        <test-method signature="testCaseData(java.lang.String,java.lang.String,int)[pri:0, instance:dataDriven.excelDataProvider.DataProvide@3967e60c]" started-at="2023-02-02T18:29:21 TRT" name="testCaseData" data-provider="driveTest" finished-at="2023-02-02T18:29:21 TRT" duration-ms="5" status="PASS">
          <params>
            <param index="0">
              <value>
                <![CDATA[a]]>
              </value>
            </param>
            <param index="1">
              <value>
                <![CDATA[a]]>
              </value>
            </param>
            <param index="2">
              <value>
                <![CDATA[1]]>
              </value>
            </param>
          </params>
          <reporter-output>
          </reporter-output>
        </test-method> <!-- testCaseData -->
        <test-method signature="testCaseData(java.lang.String,java.lang.String,int)[pri:0, instance:dataDriven.excelDataProvider.DataProvide@3967e60c]" started-at="2023-02-02T18:29:21 TRT" name="testCaseData" data-provider="driveTest" finished-at="2023-02-02T18:29:21 TRT" duration-ms="3" status="PASS">
          <params>
            <param index="0">
              <value>
                <![CDATA[b]]>
              </value>
            </param>
            <param index="1">
              <value>
                <![CDATA[b]]>
              </value>
            </param>
            <param index="2">
              <value>
                <![CDATA[2]]>
              </value>
            </param>
          </params>
          <reporter-output>
          </reporter-output>
        </test-method> <!-- testCaseData -->
        <test-method signature="testCaseData(java.lang.String,java.lang.String,int)[pri:0, instance:dataDriven.excelDataProvider.DataProvide@3967e60c]" started-at="2023-02-02T18:29:21 TRT" name="testCaseData" data-provider="driveTest" finished-at="2023-02-02T18:29:21 TRT" duration-ms="3" status="PASS">
          <params>
            <param index="0">
              <value>
                <![CDATA[c]]>
              </value>
            </param>
            <param index="1">
              <value>
                <![CDATA[c]]>
              </value>
            </param>
            <param index="2">
              <value>
                <![CDATA[3]]>
              </value>
            </param>
          </params>
          <reporter-output>
          </reporter-output>
        </test-method> <!-- testCaseData -->
      </class> <!-- dataDriven.excelDataProvider.DataProvide -->
    </test> <!-- Default test -->
  </suite> <!-- Default suite -->
</testng-results>
